<?xml version="1.0" encoding="UTF-8"?>
<!-- Generated by org.testng.reporters.JUnitReportReporter -->
<testsuite hostname="IN-3DMZ9K3" failures="0" tests="1" name="Assignment.Jenkins.testcase" time="5.759" errors="0" timestamp="12 Oct 2023 19:10:10 GMT" skipped="0">
  <testcase classname="Assignment.Jenkins.testcase" name="openAmazon" time="5.759"/>
</testsuite> <!-- Assignment.Jenkins.testcase -->
