<?xml version="1.0" encoding="UTF-8"?>
<!-- Generated by org.testng.reporters.JUnitReportReporter -->
<testsuite hostname="IN-3DMZ9K3" failures="0" tests="1" name="Assignment.Jenkins.testcase" time="4.067" errors="0" timestamp="12 Oct 2023 22:30:48 GMT" skipped="0">
  <testcase classname="Assignment.Jenkins.testcase" name="openAmazon" time="4.067"/>
</testsuite> <!-- Assignment.Jenkins.testcase -->
